2018-06-15 05:08:18 PM|#  zm 0.6.1
2018-06-15 05:08:18 PM|#  GPU0 + GeForce GTX 1060 3GB     MB: 3019  PCI: 2:0
2018-06-15 05:08:18 PM|#  GPU1 + GeForce GTX 1050 Ti      MB: 4040  PCI: 5:0
2018-06-15 05:08:18 PM|
2018-06-15 05:08:18 PM|#  using configuration file zm.cfg
2018-06-15 05:08:18 PM|#  pool1 eu1-zcash.flypool.org:3333
2018-06-15 05:08:18 PM|#  pool2 ssl://eu1-zcash.flypool.org:3443
2018-06-15 05:08:18 PM|
2018-06-15 05:08:18 PM|#  telemetry server listening on 0.0.0.0:2222
2018-06-15 05:08:18 PM|#  connected to: eu1-zcash.flypool.org:3333 [1/2]
2018-06-15 05:08:20 PM|#  server set difficulty to: 11.71872765 [0000aec33e1f671529a485cd7b900ae...]
2018-06-15 05:08:41 PM|>  GPU0  68C  43% |  295.1 Sol/s   295.1 Avg   158.5 I/s | 2.82 S/W  105 W |  0.00     . . 
2018-06-15 05:08:43 PM|>  GPU1  60C   0% |  183.9 Sol/s   183.9 Avg    99.7 I/s | 0.00 S/W    0 W |  0.00     . . 
2018-06-15 05:08:43 PM|   ============== |  479.1 Sol/s   479.1 Avg   258.2 I/s | 2.82 S/W  105 W |  0.00     . .
2018-06-15 05:09:01 PM|   GPU0  70C  46% |  287.7 Sol/s   291.4 Avg   156.7 I/s | 2.78 S/W  103 W |  0.00     . . 
2018-06-15 05:09:01 PM|   GPU1  63C  23% |  181.5 Sol/s   182.7 Avg    98.3 I/s | 0.00 S/W    0 W |  0.00     . . 
2018-06-15 05:09:01 PM|   ============== |  469.1 Sol/s   474.1 Avg   255.0 I/s | 2.78 S/W  103 W |  0.00     . .
2018-06-15 05:09:21 PM|   GPU0  70C  48% |  287.4 Sol/s   290.1 Avg   156.7 I/s | 2.76 S/W  104 W |  0.00     . . 
2018-06-15 05:09:21 PM|   GPU1  62C  24% |  182.7 Sol/s   182.7 Avg    98.2 I/s | 0.00 S/W    0 W |  0.00     . . 
2018-06-15 05:09:21 PM|   ============== |  470.1 Sol/s   472.8 Avg   254.9 I/s | 2.76 S/W  104 W |  0.00     . .
2018-06-15 05:09:41 PM|>  GPU0  71C  49% |  288.3 Sol/s   289.6 Avg   156.3 I/s | 2.76 S/W  104 W |  0.00     . . 
2018-06-15 05:09:42 PM|>  GPU1  61C  24% |  180.6 Sol/s   182.2 Avg    98.2 I/s | 0.00 S/W    0 W |  0.00     . . 
2018-06-15 05:09:42 PM|   ============== |  468.9 Sol/s   471.8 Avg   254.5 I/s | 2.76 S/W  104 W |  0.00     . .

[добавлено]
2018-06-17 05:59:30 PM|   ============== |  476.9 Sol/s   477.7 Avg   254.2 I/s | 2.82 S/W  104 W |  0.49  100  80
2018-06-17 05:59:49 PM|   GPU0  72C  52% |  292.8 Sol/s   293.3 Avg   156.5 I/s | 2.82 S/W  105 W |  0.00     . . 
2018-06-17 05:59:49 PM|   GPU1  61C  24% |  179.4 Sol/s   183.6 Avg    97.7 I/s | 0.00 S/W    0 W |  0.85  100  79 +
2018-06-17 05:59:49 PM|   ============== |  472.2 Sol/s   476.9 Avg   254.2 I/s | 2.82 S/W  105 W |  0.85  100  79
2018-06-17 06:00:09 PM|   GPU0  72C  53% |  296.5 Sol/s   293.7 Avg   156.4 I/s | 2.82 S/W  107 W |  0.00     . . 
2018-06-17 06:00:09 PM|   GPU1  60C  24% |  177.1 Sol/s   182.8 Avg    97.8 I/s | 0.00 S/W    0 W |  0.75  100  79 
2018-06-17 06:00:09 PM|   ============== |  473.6 Sol/s   476.5 Avg   254.2 I/s | 2.82 S/W  107 W |  0.75  100  79
2018-06-17 06:00:29 PM|   GPU0  73C  53% |  283.4 Sol/s   292.5 Avg   156.4 I/s | 2.81 S/W  101 W |  0.00     . . 
2018-06-17 06:00:29 PM|   GPU1  60C  24% |  182.1 Sol/s   182.7 Avg    97.7 I/s | 0.00 S/W    0 W |  0.66  100  79 
2018-06-17 06:00:29 PM|   ============== |  465.4 Sol/s   475.2 Avg   254.2 I/s | 2.81 S/W  101 W |  0.66  100  79
2018-06-17 06:00:49 PM|   GPU0  72C  53% |  288.3 Sol/s   292.1 Avg   156.5 I/s | 2.81 S/W  105 W |  0.00     . . 
2018-06-17 06:00:50 PM|   GPU1  60C  24% |  181.8 Sol/s   182.6 Avg    97.8 I/s | 0.00 S/W    0 W |  0.60  100  79 
2018-06-17 06:00:50 PM|   ============== |  470.1 Sol/s   474.7 Avg   254.3 I/s | 2.81 S/W  105 W |  0.60  100  79
2018-06-17 06:01:09 PM|   GPU0  73C  54% |  295.7 Sol/s   292.4 Avg   156.4 I/s | 2.81 S/W  103 W |  0.00     . . 
2018-06-17 06:01:10 PM|   GPU1  59C  23% |  181.7 Sol/s   182.5 Avg    97.8 I/s | 0.00 S/W    0 W |  0.54  100  79 
2018-06-17 06:01:10 PM|   ============== |  477.3 Sol/s   475.0 Avg   254.2 I/s | 2.81 S/W  103 W |  0.54  100  79
2018-06-17 06:01:30 PM|   GPU0  73C  54% |  283.3 Sol/s   291.7 Avg   156.5 I/s | 2.80 S/W  105 W |  0.00     . . 
2018-06-17 06:01:30 PM|   GPU1  59C  23% |  179.1 Sol/s   182.3 Avg    97.8 I/s | 0.00 S/W    0 W |  0.50  100  79 
2018-06-17 06:01:30 PM|   ============== |  462.4 Sol/s   473.9 Avg   254.3 I/s | 2.80 S/W  105 W |  0.50  100  79
2018-06-17 06:01:50 PM|>  GPU0  73C  54% |  283.7 Sol/s   291.0 Avg   156.4 I/s | 2.79 S/W  102 W |  0.00     . . 

